<?xml version="1.0" encoding="UTF-8"?>
<!-- Generated by org.testng.reporters.JUnitReportReporter -->
<testsuite skipped="0" hostname="DESKTOP-L375HS0" name="drivers_Factory.DriverScript" tests="1" failures="0" timestamp="12 May 2020 06:56:00 GMT" time="31.591" errors="0">
  <testcase name="starttest" time="31.591" classname="drivers_Factory.DriverScript"/>
</testsuite> <!-- drivers_Factory.DriverScript -->
