<?xml version="1.0" encoding="UTF-8"?>
<!-- Generated by org.testng.reporters.JUnitReportReporter -->
<testsuite skipped="0" hostname="DESKTOP-L375HS0" name="drivers_Factory.TestingScript" tests="1" failures="0" timestamp="13 May 2020 14:16:37 GMT" time="29.291" errors="0">
  <testcase name="startingtest" time="29.291" classname="drivers_Factory.TestingScript"/>
</testsuite> <!-- drivers_Factory.TestingScript -->
