<?xml version="1.0" encoding="UTF-8"?>
<!-- Generated by org.testng.reporters.JUnitReportReporter -->
<testsuite skipped="0" hostname="DESKTOP-L375HS0" name="drivers_Factory.Data_driven" tests="1" failures="0" timestamp="07 May 2020 08:01:32 GMT" time="31.887" errors="0">
  <testcase name="logintest" time="31.887" classname="drivers_Factory.Data_driven"/>
</testsuite> <!-- drivers_Factory.Data_driven -->
